Copyright 1986-2020 Xilinx, Inc. All Rights Reserved.
-----------------------------------------------------------------------------------------------------------------------------------------------------------------
| Tool Version : Vivado v.2020.1 (win64) Build 2902540 Wed May 27 19:54:49 MDT 2020
| Date         : Sun Dec 12 14:09:24 2021
| Host         : DESKTOP-4A9L7PJ running 64-bit major release  (build 9200)
| Command      : report_methodology -file dice_main_methodology_drc_routed.rpt -pb dice_main_methodology_drc_routed.pb -rpx dice_main_methodology_drc_routed.rpx
| Design       : dice_main
| Device       : xc7a35tcpg236-1
| Speed File   : -1
| Design State : Fully Routed
-----------------------------------------------------------------------------------------------------------------------------------------------------------------

Report Methodology

Table of Contents
-----------------
1. REPORT SUMMARY
2. REPORT DETAILS

1. REPORT SUMMARY
-----------------
            Netlist: netlist
          Floorplan: checkpoint_dice_main
      Design limits: <entire design considered>
             Max violations: <unlimited>
             Violations found: 1
+-----------+----------+-------------------------------+------------+
| Rule      | Severity | Description                   | Violations |
+-----------+----------+-------------------------------+------------+
| TIMING-18 | Warning  | Missing input or output delay | 1          |
+-----------+----------+-------------------------------+------------+

2. REPORT DETAILS
-----------------
TIMING-18#1 Warning
Missing input or output delay  
An input delay is missing on reset_ni relative to clock(s) sys_clk_pin
Related violations: <none>


